Determining if the pthread_create exist failed with the following output:
Change Dir: /home/yh/catkin_ws/build/CMakeFiles/CMakeTmp

Run Build Command:"/usr/bin/make" "cmTC_19d56/fast"
/usr/bin/make -f CMakeFiles/cmTC_19d56.dir/build.make CMakeFiles/cmTC_19d56.dir/build
make[1]: Entering directory '/home/yh/catkin_ws/build/CMakeFiles/CMakeTmp'
Building C object CMakeFiles/cmTC_19d56.dir/CheckSymbolExists.c.o
/usr/bin/cc    -o CMakeFiles/cmTC_19d56.dir/CheckSymbolExists.c.o   -c /home/yh/catkin_ws/build/CMakeFiles/CMakeTmp/CheckSymbolExists.c
Linking C executable cmTC_19d56
/usr/bin/cmake -E cmake_link_script CMakeFiles/cmTC_19d56.dir/link.txt --verbose=1
/usr/bin/cc      -rdynamic CMakeFiles/cmTC_19d56.dir/CheckSymbolExists.c.o  -o cmTC_19d56 
CMakeFiles/cmTC_19d56.dir/CheckSymbolExists.c.o: In function `main':
CheckSymbolExists.c:(.text+0x1b): undefined reference to `pthread_create'
collect2: error: ld returned 1 exit status
CMakeFiles/cmTC_19d56.dir/build.make:97: recipe for target 'cmTC_19d56' failed
make[1]: *** [cmTC_19d56] Error 1
make[1]: Leaving directory '/home/yh/catkin_ws/build/CMakeFiles/CMakeTmp'
Makefile:126: recipe for target 'cmTC_19d56/fast' failed
make: *** [cmTC_19d56/fast] Error 2

File /home/yh/catkin_ws/build/CMakeFiles/CMakeTmp/CheckSymbolExists.c:
/* */
#include <pthread.h>

int main(int argc, char** argv)
{
  (void)argv;
#ifndef pthread_create
  return ((int*)(&pthread_create))[argc];
#else
  (void)argc;
  return 0;
#endif
}

Determining if the function pthread_create exists in the pthreads failed with the following output:
Change Dir: /home/yh/catkin_ws/build/CMakeFiles/CMakeTmp

Run Build Command:"/usr/bin/make" "cmTC_58dac/fast"
/usr/bin/make -f CMakeFiles/cmTC_58dac.dir/build.make CMakeFiles/cmTC_58dac.dir/build
make[1]: Entering directory '/home/yh/catkin_ws/build/CMakeFiles/CMakeTmp'
Building C object CMakeFiles/cmTC_58dac.dir/CheckFunctionExists.c.o
/usr/bin/cc   -DCHECK_FUNCTION_EXISTS=pthread_create   -o CMakeFiles/cmTC_58dac.dir/CheckFunctionExists.c.o   -c /usr/share/cmake-3.10/Modules/CheckFunctionExists.c
Linking C executable cmTC_58dac
/usr/bin/cmake -E cmake_link_script CMakeFiles/cmTC_58dac.dir/link.txt --verbose=1
/usr/bin/cc  -DCHECK_FUNCTION_EXISTS=pthread_create    -rdynamic CMakeFiles/cmTC_58dac.dir/CheckFunctionExists.c.o  -o cmTC_58dac -lpthreads 
/usr/bin/ld: cannot find -lpthreads
collect2: error: ld returned 1 exit status
CMakeFiles/cmTC_58dac.dir/build.make:97: recipe for target 'cmTC_58dac' failed
make[1]: *** [cmTC_58dac] Error 1
make[1]: Leaving directory '/home/yh/catkin_ws/build/CMakeFiles/CMakeTmp'
Makefile:126: recipe for target 'cmTC_58dac/fast' failed
make: *** [cmTC_58dac/fast] Error 2


